<?xml version="1.0" encoding="UTF-8"?>
<testsuite xmlns:xsi="http://www.w3.org/2001/XMLSchema-instance" xsi:noNamespaceSchemaLocation="https://maven.apache.org/surefire/maven-surefire-plugin/xsd/surefire-test-report-3.0.xsd" version="3.0" name="com.github.chribro88.kafka.connect.smt.HeaderFromTest" time="0.151" tests="34" errors="0" skipped="0" failures="0">
  <properties>
[...]
</properties>
  <testcase name="invalidConfigEmptyHeadersAndFieldsConfig(boolean)[1]" classname="com.github.chribro88.kafka.connect.smt.HeaderFromTest" time="0.036">
    <system-err><![CDATA[SLF4J: Failed to load class "org.slf4j.impl.StaticLoggerBinder".
SLF4J: Defaulting to no-operation (NOP) logger implementation
SLF4J: See http://www.slf4j.org/codes.html#StaticLoggerBinder for further details.
]]></system-err>
  </testcase>
  <testcase name="invalidConfigEmptyHeadersAndFieldsConfig(boolean)[2]" classname="com.github.chribro88.kafka.connect.smt.HeaderFromTest" time="0.001"/>
  <testcase name="invalidConfigExtraHeaderConfig(boolean)[1]" classname="com.github.chribro88.kafka.connect.smt.HeaderFromTest" time="0.003"/>
  <testcase name="invalidConfigExtraHeaderConfig(boolean)[2]" classname="com.github.chribro88.kafka.connect.smt.HeaderFromTest" time="0.001"/>
  <testcase name="invalidConfigExtraFieldConfig(boolean)[1]" classname="com.github.chribro88.kafka.connect.smt.HeaderFromTest" time="0.001"/>
  <testcase name="invalidConfigExtraFieldConfig(boolean)[2]" classname="com.github.chribro88.kafka.connect.smt.HeaderFromTest" time="0"/>
  <testcase name="schemaless(String, boolean, RecordBuilder, List, List, Operation, RecordBuilder)[1]" classname="com.github.chribro88.kafka.connect.smt.HeaderFromTest" time="0.025"/>
  <testcase name="schemaless(String, boolean, RecordBuilder, List, List, Operation, RecordBuilder)[2]" classname="com.github.chribro88.kafka.connect.smt.HeaderFromTest" time="0.001"/>
  <testcase name="schemaless(String, boolean, RecordBuilder, List, List, Operation, RecordBuilder)[3]" classname="com.github.chribro88.kafka.connect.smt.HeaderFromTest" time="0.001"/>
  <testcase name="schemaless(String, boolean, RecordBuilder, List, List, Operation, RecordBuilder)[4]" classname="com.github.chribro88.kafka.connect.smt.HeaderFromTest" time="0.001"/>
  <testcase name="schemaless(String, boolean, RecordBuilder, List, List, Operation, RecordBuilder)[5]" classname="com.github.chribro88.kafka.connect.smt.HeaderFromTest" time="0.002"/>
  <testcase name="schemaless(String, boolean, RecordBuilder, List, List, Operation, RecordBuilder)[6]" classname="com.github.chribro88.kafka.connect.smt.HeaderFromTest" time="0.001"/>
  <testcase name="schemaless(String, boolean, RecordBuilder, List, List, Operation, RecordBuilder)[7]" classname="com.github.chribro88.kafka.connect.smt.HeaderFromTest" time="0"/>
  <testcase name="schemaless(String, boolean, RecordBuilder, List, List, Operation, RecordBuilder)[8]" classname="com.github.chribro88.kafka.connect.smt.HeaderFromTest" time="0.001"/>
  <testcase name="schemaless(String, boolean, RecordBuilder, List, List, Operation, RecordBuilder)[9]" classname="com.github.chribro88.kafka.connect.smt.HeaderFromTest" time="0.001"/>
  <testcase name="schemaless(String, boolean, RecordBuilder, List, List, Operation, RecordBuilder)[10]" classname="com.github.chribro88.kafka.connect.smt.HeaderFromTest" time="0.001"/>
  <testcase name="schemaless(String, boolean, RecordBuilder, List, List, Operation, RecordBuilder)[11]" classname="com.github.chribro88.kafka.connect.smt.HeaderFromTest" time="0.001"/>
  <testcase name="schemaless(String, boolean, RecordBuilder, List, List, Operation, RecordBuilder)[12]" classname="com.github.chribro88.kafka.connect.smt.HeaderFromTest" time="0.001"/>
  <testcase name="schemaless(String, boolean, RecordBuilder, List, List, Operation, RecordBuilder)[13]" classname="com.github.chribro88.kafka.connect.smt.HeaderFromTest" time="0.001"/>
  <testcase name="schemaless(String, boolean, RecordBuilder, List, List, Operation, RecordBuilder)[14]" classname="com.github.chribro88.kafka.connect.smt.HeaderFromTest" time="0.001"/>
  <testcase name="schemaless(String, boolean, RecordBuilder, List, List, Operation, RecordBuilder)[15]" classname="com.github.chribro88.kafka.connect.smt.HeaderFromTest" time="0.001"/>
  <testcase name="schemaless(String, boolean, RecordBuilder, List, List, Operation, RecordBuilder)[16]" classname="com.github.chribro88.kafka.connect.smt.HeaderFromTest" time="0.002"/>
  <testcase name="schemalessWithNestedData(String, boolean, RecordBuilder, List, List, Operation, RecordBuilder)[1]" classname="com.github.chribro88.kafka.connect.smt.HeaderFromTest" time="0.002"/>
  <testcase name="schemalessWithNestedData(String, boolean, RecordBuilder, List, List, Operation, RecordBuilder)[2]" classname="com.github.chribro88.kafka.connect.smt.HeaderFromTest" time="0.001"/>
  <testcase name="schemalessWithNestedData(String, boolean, RecordBuilder, List, List, Operation, RecordBuilder)[3]" classname="com.github.chribro88.kafka.connect.smt.HeaderFromTest" time="0.001"/>
  <testcase name="schemalessWithNestedData(String, boolean, RecordBuilder, List, List, Operation, RecordBuilder)[4]" classname="com.github.chribro88.kafka.connect.smt.HeaderFromTest" time="0.001"/>
  <testcase name="schemalessWithNestedData(String, boolean, RecordBuilder, List, List, Operation, RecordBuilder)[5]" classname="com.github.chribro88.kafka.connect.smt.HeaderFromTest" time="0.001"/>
  <testcase name="schemalessWithNestedData(String, boolean, RecordBuilder, List, List, Operation, RecordBuilder)[6]" classname="com.github.chribro88.kafka.connect.smt.HeaderFromTest" time="0.001"/>
  <testcase name="schemalessWithNestedData(String, boolean, RecordBuilder, List, List, Operation, RecordBuilder)[7]" classname="com.github.chribro88.kafka.connect.smt.HeaderFromTest" time="0"/>
  <testcase name="schemalessWithNestedData(String, boolean, RecordBuilder, List, List, Operation, RecordBuilder)[8]" classname="com.github.chribro88.kafka.connect.smt.HeaderFromTest" time="0.001"/>
  <testcase name="schemalessWithNestedData(String, boolean, RecordBuilder, List, List, Operation, RecordBuilder)[9]" classname="com.github.chribro88.kafka.connect.smt.HeaderFromTest" time="0.001"/>
  <testcase name="schemalessWithNestedData(String, boolean, RecordBuilder, List, List, Operation, RecordBuilder)[10]" classname="com.github.chribro88.kafka.connect.smt.HeaderFromTest" time="0.001"/>
  <testcase name="schemalessWithNestedData(String, boolean, RecordBuilder, List, List, Operation, RecordBuilder)[11]" classname="com.github.chribro88.kafka.connect.smt.HeaderFromTest" time="0.001"/>
  <testcase name="schemalessWithNestedData(String, boolean, RecordBuilder, List, List, Operation, RecordBuilder)[12]" classname="com.github.chribro88.kafka.connect.smt.HeaderFromTest" time="0.001"/>
</testsuite>